This is pdfTeX, Version 3.141592653-2.6-1.40.24 (TeX Live 2022) (preloaded format=pdflatex 2022.12.23)  5 SEP 2025 10:52
entering extended mode
 restricted \write18 enabled.
 %&-line parsing enabled.
**document.tex
(./document.tex
LaTeX2e <2021-11-15> patch level 1
L3 programming layer <2022-02-24>
(/usr/local/texlive/2022/texmf-dist/tex/latex/base/book.cls
Document Class: book 2021/10/04 v1.4n Standard LaTeX document class
(/usr/local/texlive/2022/texmf-dist/tex/latex/base/bk12.clo
File: bk12.clo 2021/10/04 v1.4n Standard LaTeX file (size option)
)
\c@part=\count185
\c@chapter=\count186
\c@section=\count187
\c@subsection=\count188
\c@subsubsection=\count189
\c@paragraph=\count190
\c@subparagraph=\count191
\c@figure=\count192
\c@table=\count193
\abovecaptionskip=\skip47
\belowcaptionskip=\skip48
\bibindent=\dimen138
)
(/usr/local/texlive/2022/texmf-dist/tex/latex/geometry/geometry.sty
Package: geometry 2020/01/02 v5.9 Page Geometry

(/usr/local/texlive/2022/texmf-dist/tex/latex/graphics/keyval.sty
Package: keyval 2014/10/28 v1.15 key=value parser (DPC)
\KV@toks@=\toks16
)
(/usr/local/texlive/2022/texmf-dist/tex/generic/iftex/ifvtex.sty
Package: ifvtex 2019/10/25 v1.7 ifvtex legacy package. Use iftex instead.

(/usr/local/texlive/2022/texmf-dist/tex/generic/iftex/iftex.sty
Package: iftex 2022/02/03 v1.0f TeX engine tests
))
\Gm@cnth=\count194
\Gm@cntv=\count195
\c@Gm@tempcnt=\count196
\Gm@bindingoffset=\dimen139
\Gm@wd@mp=\dimen140
\Gm@odd@mp=\dimen141
\Gm@even@mp=\dimen142
\Gm@layoutwidth=\dimen143
\Gm@layoutheight=\dimen144
\Gm@layouthoffset=\dimen145
\Gm@layoutvoffset=\dimen146
\Gm@dimlist=\toks17
)
(/usr/local/texlive/2022/texmf-dist/tex/latex/cite/cite.sty
LaTeX Info: Redefining \cite on input line 302.
LaTeX Info: Redefining \nocite on input line 332.
Package: cite 2015/02/27  v 5.5
)
(/usr/local/texlive/2022/texmf-dist/tex/latex/carlisle/slashed.sty
Package: slashed 1997/01/16 v0.01 Feynman Slashed Character Notation (DPC)
)
(/usr/local/texlive/2022/texmf-dist/tex/latex/graphics/graphicx.sty
Package: graphicx 2021/09/16 v1.2d Enhanced LaTeX Graphics (DPC,SPQR)

(/usr/local/texlive/2022/texmf-dist/tex/latex/graphics/graphics.sty
Package: graphics 2021/03/04 v1.4d Standard LaTeX Graphics (DPC,SPQR)

(/usr/local/texlive/2022/texmf-dist/tex/latex/graphics/trig.sty
Package: trig 2021/08/11 v1.11 sin cos tan (DPC)
)
(/usr/local/texlive/2022/texmf-dist/tex/latex/graphics-cfg/graphics.cfg
File: graphics.cfg 2016/06/04 v1.11 sample graphics configuration
)
Package graphics Info: Driver file: pdftex.def on input line 107.

(/usr/local/texlive/2022/texmf-dist/tex/latex/graphics-def/pdftex.def
File: pdftex.def 2020/10/05 v1.2a Graphics/color driver for pdftex
))
\Gin@req@height=\dimen147
\Gin@req@width=\dimen148
)
(/usr/local/texlive/2022/texmf-dist/tex/latex/amsmath/amsmath.sty
Package: amsmath 2021/10/15 v2.17l AMS math features
\@mathmargin=\skip49

For additional information on amsmath, use the `?' option.
(/usr/local/texlive/2022/texmf-dist/tex/latex/amsmath/amstext.sty
Package: amstext 2021/08/26 v2.01 AMS text

(/usr/local/texlive/2022/texmf-dist/tex/latex/amsmath/amsgen.sty
File: amsgen.sty 1999/11/30 v2.0 generic functions
\@emptytoks=\toks18
\ex@=\dimen149
))
(/usr/local/texlive/2022/texmf-dist/tex/latex/amsmath/amsbsy.sty
Package: amsbsy 1999/11/29 v1.2d Bold Symbols
\pmbraise@=\dimen150
)
(/usr/local/texlive/2022/texmf-dist/tex/latex/amsmath/amsopn.sty
Package: amsopn 2021/08/26 v2.02 operator names
)
\inf@bad=\count197
LaTeX Info: Redefining \frac on input line 234.
\uproot@=\count198
\leftroot@=\count199
LaTeX Info: Redefining \overline on input line 399.
\classnum@=\count266
\DOTSCASE@=\count267
LaTeX Info: Redefining \ldots on input line 496.
LaTeX Info: Redefining \dots on input line 499.
LaTeX Info: Redefining \cdots on input line 620.
\Mathstrutbox@=\box50
\strutbox@=\box51
\big@size=\dimen151
LaTeX Font Info:    Redeclaring font encoding OML on input line 743.
LaTeX Font Info:    Redeclaring font encoding OMS on input line 744.
\macc@depth=\count268
\c@MaxMatrixCols=\count269
\dotsspace@=\muskip16
\c@parentequation=\count270
\dspbrk@lvl=\count271
\tag@help=\toks19
\row@=\count272
\column@=\count273
\maxfields@=\count274
\andhelp@=\toks20
\eqnshift@=\dimen152
\alignsep@=\dimen153
\tagshift@=\dimen154
\tagwidth@=\dimen155
\totwidth@=\dimen156
\lineht@=\dimen157
\@envbody=\toks21
\multlinegap=\skip50
\multlinetaggap=\skip51
\mathdisplay@stack=\toks22
LaTeX Info: Redefining \[ on input line 2938.
LaTeX Info: Redefining \] on input line 2939.
)
(/usr/local/texlive/2022/texmf-dist/tex/latex/enumitem/enumitem.sty
Package: enumitem 2019/06/20 v3.9 Customized lists
\labelindent=\skip52
\enit@outerparindent=\dimen158
\enit@toks=\toks23
\enit@inbox=\box52
\enit@count@id=\count275
\enitdp@description=\count276
)
(/usr/local/texlive/2022/texmf-dist/tex/latex/amscls/amsthm.sty
Package: amsthm 2020/05/29 v2.20.6
\thm@style=\toks24
\thm@bodyfont=\toks25
\thm@headfont=\toks26
\thm@notefont=\toks27
\thm@headpunct=\toks28
\thm@preskip=\skip53
\thm@postskip=\skip54
\thm@headsep=\skip55
\dth@everypar=\toks29
)
(/usr/local/texlive/2022/texmf-dist/tex/latex/braket/braket.sty)
(/usr/local/texlive/2022/texmf-dist/tex/latex/listings/listings.sty
\lst@mode=\count277
\lst@gtempboxa=\box53
\lst@token=\toks30
\lst@length=\count278
\lst@currlwidth=\dimen159
\lst@column=\count279
\lst@pos=\count280
\lst@lostspace=\dimen160
\lst@width=\dimen161
\lst@newlines=\count281
\lst@lineno=\count282
\lst@maxwidth=\dimen162

(/usr/local/texlive/2022/texmf-dist/tex/latex/listings/lstmisc.sty
File: lstmisc.sty 2020/03/24 1.8d (Carsten Heinz)
\c@lstnumber=\count283
\lst@skipnumbers=\count284
\lst@framebox=\box54
)
(/usr/local/texlive/2022/texmf-dist/tex/latex/listings/listings.cfg
File: listings.cfg 2020/03/24 1.8d listings configuration
))
Package: listings 2020/03/24 1.8d (Carsten Heinz)

(./pythonhighlight.sty
Package: pythonhighlight 2017/02/09 python code highlighting; provided by Olivi
er Verdier <olivier.verdier@gmail.com>

(/usr/local/texlive/2022/texmf-dist/tex/latex/xcolor/xcolor.sty
Package: xcolor 2021/10/31 v2.13 LaTeX color extensions (UK)

(/usr/local/texlive/2022/texmf-dist/tex/latex/graphics-cfg/color.cfg
File: color.cfg 2016/01/02 v1.6 sample color configuration
)
Package xcolor Info: Driver file: pdftex.def on input line 227.
Package xcolor Info: Model `cmy' substituted by `cmy0' on input line 1352.
Package xcolor Info: Model `hsb' substituted by `rgb' on input line 1356.
Package xcolor Info: Model `RGB' extended on input line 1368.
Package xcolor Info: Model `HTML' substituted by `rgb' on input line 1370.
Package xcolor Info: Model `Hsb' substituted by `hsb' on input line 1371.
Package xcolor Info: Model `tHsb' substituted by `hsb' on input line 1372.
Package xcolor Info: Model `HSB' substituted by `hsb' on input line 1373.
Package xcolor Info: Model `Gray' substituted by `gray' on input line 1374.
Package xcolor Info: Model `wave' substituted by `hsb' on input line 1375.
))
(/usr/local/texlive/2022/texmf-dist/tex/latex/circuitikz/circuitikz.sty
Package: circuitikz 2022/02/04{} The CircuiTikz circuit drawing package version
 1.4.6

(/usr/local/texlive/2022/texmf-dist/tex/latex/pgf/frontendlayer/tikz.sty
(/usr/local/texlive/2022/texmf-dist/tex/latex/pgf/basiclayer/pgf.sty
(/usr/local/texlive/2022/texmf-dist/tex/latex/pgf/utilities/pgfrcs.sty
(/usr/local/texlive/2022/texmf-dist/tex/generic/pgf/utilities/pgfutil-common.te
x
\pgfutil@everybye=\toks31
\pgfutil@tempdima=\dimen163
\pgfutil@tempdimb=\dimen164

(/usr/local/texlive/2022/texmf-dist/tex/generic/pgf/utilities/pgfutil-common-li
sts.tex))
(/usr/local/texlive/2022/texmf-dist/tex/generic/pgf/utilities/pgfutil-latex.def
\pgfutil@abb=\box55
) (/usr/local/texlive/2022/texmf-dist/tex/generic/pgf/utilities/pgfrcs.code.tex
(/usr/local/texlive/2022/texmf-dist/tex/generic/pgf/pgf.revision.tex)
Package: pgfrcs 2021/05/15 v3.1.9a (3.1.9a)
))
Package: pgf 2021/05/15 v3.1.9a (3.1.9a)

(/usr/local/texlive/2022/texmf-dist/tex/latex/pgf/basiclayer/pgfcore.sty
(/usr/local/texlive/2022/texmf-dist/tex/latex/pgf/systemlayer/pgfsys.sty
(/usr/local/texlive/2022/texmf-dist/tex/generic/pgf/systemlayer/pgfsys.code.tex
Package: pgfsys 2021/05/15 v3.1.9a (3.1.9a)
(/usr/local/texlive/2022/texmf-dist/tex/generic/pgf/utilities/pgfkeys.code.tex
\pgfkeys@pathtoks=\toks32
\pgfkeys@temptoks=\toks33

(/usr/local/texlive/2022/texmf-dist/tex/generic/pgf/utilities/pgfkeysfiltered.c
ode.tex
\pgfkeys@tmptoks=\toks34
))
\pgf@x=\dimen165
\pgf@y=\dimen166
\pgf@xa=\dimen167
\pgf@ya=\dimen168
\pgf@xb=\dimen169
\pgf@yb=\dimen170
\pgf@xc=\dimen171
\pgf@yc=\dimen172
\pgf@xd=\dimen173
\pgf@yd=\dimen174
\w@pgf@writea=\write3
\r@pgf@reada=\read2
\c@pgf@counta=\count285
\c@pgf@countb=\count286
\c@pgf@countc=\count287
\c@pgf@countd=\count288
\t@pgf@toka=\toks35
\t@pgf@tokb=\toks36
\t@pgf@tokc=\toks37
\pgf@sys@id@count=\count289

(/usr/local/texlive/2022/texmf-dist/tex/generic/pgf/systemlayer/pgf.cfg
File: pgf.cfg 2021/05/15 v3.1.9a (3.1.9a)
)
Driver file for pgf: pgfsys-pdftex.def

(/usr/local/texlive/2022/texmf-dist/tex/generic/pgf/systemlayer/pgfsys-pdftex.d
ef
File: pgfsys-pdftex.def 2021/05/15 v3.1.9a (3.1.9a)

(/usr/local/texlive/2022/texmf-dist/tex/generic/pgf/systemlayer/pgfsys-common-p
df.def
File: pgfsys-common-pdf.def 2021/05/15 v3.1.9a (3.1.9a)
)))
(/usr/local/texlive/2022/texmf-dist/tex/generic/pgf/systemlayer/pgfsyssoftpath.
code.tex
File: pgfsyssoftpath.code.tex 2021/05/15 v3.1.9a (3.1.9a)
\pgfsyssoftpath@smallbuffer@items=\count290
\pgfsyssoftpath@bigbuffer@items=\count291
)
(/usr/local/texlive/2022/texmf-dist/tex/generic/pgf/systemlayer/pgfsysprotocol.
code.tex
File: pgfsysprotocol.code.tex 2021/05/15 v3.1.9a (3.1.9a)
))
(/usr/local/texlive/2022/texmf-dist/tex/generic/pgf/basiclayer/pgfcore.code.tex
Package: pgfcore 2021/05/15 v3.1.9a (3.1.9a)
(/usr/local/texlive/2022/texmf-dist/tex/generic/pgf/math/pgfmath.code.tex
(/usr/local/texlive/2022/texmf-dist/tex/generic/pgf/math/pgfmathcalc.code.tex
(/usr/local/texlive/2022/texmf-dist/tex/generic/pgf/math/pgfmathutil.code.tex)
(/usr/local/texlive/2022/texmf-dist/tex/generic/pgf/math/pgfmathparser.code.tex
\pgfmath@dimen=\dimen175
\pgfmath@count=\count292
\pgfmath@box=\box56
\pgfmath@toks=\toks38
\pgfmath@stack@operand=\toks39
\pgfmath@stack@operation=\toks40
)
(/usr/local/texlive/2022/texmf-dist/tex/generic/pgf/math/pgfmathfunctions.code.
tex
(/usr/local/texlive/2022/texmf-dist/tex/generic/pgf/math/pgfmathfunctions.basic
.code.tex)
(/usr/local/texlive/2022/texmf-dist/tex/generic/pgf/math/pgfmathfunctions.trigo
nometric.code.tex)
(/usr/local/texlive/2022/texmf-dist/tex/generic/pgf/math/pgfmathfunctions.rando
m.code.tex)
(/usr/local/texlive/2022/texmf-dist/tex/generic/pgf/math/pgfmathfunctions.compa
rison.code.tex)
(/usr/local/texlive/2022/texmf-dist/tex/generic/pgf/math/pgfmathfunctions.base.
code.tex)
(/usr/local/texlive/2022/texmf-dist/tex/generic/pgf/math/pgfmathfunctions.round
.code.tex)
(/usr/local/texlive/2022/texmf-dist/tex/generic/pgf/math/pgfmathfunctions.misc.
code.tex)
(/usr/local/texlive/2022/texmf-dist/tex/generic/pgf/math/pgfmathfunctions.integ
erarithmetics.code.tex)))
(/usr/local/texlive/2022/texmf-dist/tex/generic/pgf/math/pgfmathfloat.code.tex
\c@pgfmathroundto@lastzeros=\count293
)) (/usr/local/texlive/2022/texmf-dist/tex/generic/pgf/math/pgfint.code.tex)
(/usr/local/texlive/2022/texmf-dist/tex/generic/pgf/basiclayer/pgfcorepoints.co
de.tex
File: pgfcorepoints.code.tex 2021/05/15 v3.1.9a (3.1.9a)
\pgf@picminx=\dimen176
\pgf@picmaxx=\dimen177
\pgf@picminy=\dimen178
\pgf@picmaxy=\dimen179
\pgf@pathminx=\dimen180
\pgf@pathmaxx=\dimen181
\pgf@pathminy=\dimen182
\pgf@pathmaxy=\dimen183
\pgf@xx=\dimen184
\pgf@xy=\dimen185
\pgf@yx=\dimen186
\pgf@yy=\dimen187
\pgf@zx=\dimen188
\pgf@zy=\dimen189
)
(/usr/local/texlive/2022/texmf-dist/tex/generic/pgf/basiclayer/pgfcorepathconst
ruct.code.tex
File: pgfcorepathconstruct.code.tex 2021/05/15 v3.1.9a (3.1.9a)
\pgf@path@lastx=\dimen190
\pgf@path@lasty=\dimen191
)
(/usr/local/texlive/2022/texmf-dist/tex/generic/pgf/basiclayer/pgfcorepathusage
.code.tex
File: pgfcorepathusage.code.tex 2021/05/15 v3.1.9a (3.1.9a)
\pgf@shorten@end@additional=\dimen192
\pgf@shorten@start@additional=\dimen193
)
(/usr/local/texlive/2022/texmf-dist/tex/generic/pgf/basiclayer/pgfcorescopes.co
de.tex
File: pgfcorescopes.code.tex 2021/05/15 v3.1.9a (3.1.9a)
\pgfpic=\box57
\pgf@hbox=\box58
\pgf@layerbox@main=\box59
\pgf@picture@serial@count=\count294
)
(/usr/local/texlive/2022/texmf-dist/tex/generic/pgf/basiclayer/pgfcoregraphicst
ate.code.tex
File: pgfcoregraphicstate.code.tex 2021/05/15 v3.1.9a (3.1.9a)
\pgflinewidth=\dimen194
)
(/usr/local/texlive/2022/texmf-dist/tex/generic/pgf/basiclayer/pgfcoretransform
ations.code.tex
File: pgfcoretransformations.code.tex 2021/05/15 v3.1.9a (3.1.9a)
\pgf@pt@x=\dimen195
\pgf@pt@y=\dimen196
\pgf@pt@temp=\dimen197
)
(/usr/local/texlive/2022/texmf-dist/tex/generic/pgf/basiclayer/pgfcorequick.cod
e.tex
File: pgfcorequick.code.tex 2021/05/15 v3.1.9a (3.1.9a)
)
(/usr/local/texlive/2022/texmf-dist/tex/generic/pgf/basiclayer/pgfcoreobjects.c
ode.tex
File: pgfcoreobjects.code.tex 2021/05/15 v3.1.9a (3.1.9a)
)
(/usr/local/texlive/2022/texmf-dist/tex/generic/pgf/basiclayer/pgfcorepathproce
ssing.code.tex
File: pgfcorepathprocessing.code.tex 2021/05/15 v3.1.9a (3.1.9a)
)
(/usr/local/texlive/2022/texmf-dist/tex/generic/pgf/basiclayer/pgfcorearrows.co
de.tex
File: pgfcorearrows.code.tex 2021/05/15 v3.1.9a (3.1.9a)
\pgfarrowsep=\dimen198
)
(/usr/local/texlive/2022/texmf-dist/tex/generic/pgf/basiclayer/pgfcoreshade.cod
e.tex
File: pgfcoreshade.code.tex 2021/05/15 v3.1.9a (3.1.9a)
\pgf@max=\dimen199
\pgf@sys@shading@range@num=\count295
\pgf@shadingcount=\count296
)
(/usr/local/texlive/2022/texmf-dist/tex/generic/pgf/basiclayer/pgfcoreimage.cod
e.tex
File: pgfcoreimage.code.tex 2021/05/15 v3.1.9a (3.1.9a)

(/usr/local/texlive/2022/texmf-dist/tex/generic/pgf/basiclayer/pgfcoreexternal.
code.tex
File: pgfcoreexternal.code.tex 2021/05/15 v3.1.9a (3.1.9a)
\pgfexternal@startupbox=\box60
))
(/usr/local/texlive/2022/texmf-dist/tex/generic/pgf/basiclayer/pgfcorelayers.co
de.tex
File: pgfcorelayers.code.tex 2021/05/15 v3.1.9a (3.1.9a)
)
(/usr/local/texlive/2022/texmf-dist/tex/generic/pgf/basiclayer/pgfcoretranspare
ncy.code.tex
File: pgfcoretransparency.code.tex 2021/05/15 v3.1.9a (3.1.9a)
)
(/usr/local/texlive/2022/texmf-dist/tex/generic/pgf/basiclayer/pgfcorepatterns.
code.tex
File: pgfcorepatterns.code.tex 2021/05/15 v3.1.9a (3.1.9a)
)
(/usr/local/texlive/2022/texmf-dist/tex/generic/pgf/basiclayer/pgfcorerdf.code.
tex
File: pgfcorerdf.code.tex 2021/05/15 v3.1.9a (3.1.9a)
)))
(/usr/local/texlive/2022/texmf-dist/tex/generic/pgf/modules/pgfmoduleshapes.cod
e.tex
File: pgfmoduleshapes.code.tex 2021/05/15 v3.1.9a (3.1.9a)
\pgfnodeparttextbox=\box61
)
(/usr/local/texlive/2022/texmf-dist/tex/generic/pgf/modules/pgfmoduleplot.code.
tex
File: pgfmoduleplot.code.tex 2021/05/15 v3.1.9a (3.1.9a)
)
(/usr/local/texlive/2022/texmf-dist/tex/latex/pgf/compatibility/pgfcomp-version
-0-65.sty
Package: pgfcomp-version-0-65 2021/05/15 v3.1.9a (3.1.9a)
\pgf@nodesepstart=\dimen256
\pgf@nodesepend=\dimen257
)
(/usr/local/texlive/2022/texmf-dist/tex/latex/pgf/compatibility/pgfcomp-version
-1-18.sty
Package: pgfcomp-version-1-18 2021/05/15 v3.1.9a (3.1.9a)
))
(/usr/local/texlive/2022/texmf-dist/tex/latex/pgf/utilities/pgffor.sty
(/usr/local/texlive/2022/texmf-dist/tex/latex/pgf/utilities/pgfkeys.sty
(/usr/local/texlive/2022/texmf-dist/tex/generic/pgf/utilities/pgfkeys.code.tex)
) (/usr/local/texlive/2022/texmf-dist/tex/latex/pgf/math/pgfmath.sty
(/usr/local/texlive/2022/texmf-dist/tex/generic/pgf/math/pgfmath.code.tex))
(/usr/local/texlive/2022/texmf-dist/tex/generic/pgf/utilities/pgffor.code.tex
Package: pgffor 2021/05/15 v3.1.9a (3.1.9a)

(/usr/local/texlive/2022/texmf-dist/tex/generic/pgf/math/pgfmath.code.tex)
\pgffor@iter=\dimen258
\pgffor@skip=\dimen259
\pgffor@stack=\toks41
\pgffor@toks=\toks42
))
(/usr/local/texlive/2022/texmf-dist/tex/generic/pgf/frontendlayer/tikz/tikz.cod
e.tex
Package: tikz 2021/05/15 v3.1.9a (3.1.9a)

(/usr/local/texlive/2022/texmf-dist/tex/generic/pgf/libraries/pgflibraryplothan
dlers.code.tex
File: pgflibraryplothandlers.code.tex 2021/05/15 v3.1.9a (3.1.9a)
\pgf@plot@mark@count=\count297
\pgfplotmarksize=\dimen260
)
\tikz@lastx=\dimen261
\tikz@lasty=\dimen262
\tikz@lastxsaved=\dimen263
\tikz@lastysaved=\dimen264
\tikz@lastmovetox=\dimen265
\tikz@lastmovetoy=\dimen266
\tikzleveldistance=\dimen267
\tikzsiblingdistance=\dimen268
\tikz@figbox=\box62
\tikz@figbox@bg=\box63
\tikz@tempbox=\box64
\tikz@tempbox@bg=\box65
\tikztreelevel=\count298
\tikznumberofchildren=\count299
\tikznumberofcurrentchild=\count300
\tikz@fig@count=\count301

(/usr/local/texlive/2022/texmf-dist/tex/generic/pgf/modules/pgfmodulematrix.cod
e.tex
File: pgfmodulematrix.code.tex 2021/05/15 v3.1.9a (3.1.9a)
\pgfmatrixcurrentrow=\count302
\pgfmatrixcurrentcolumn=\count303
\pgf@matrix@numberofcolumns=\count304
)
\tikz@expandcount=\count305

(/usr/local/texlive/2022/texmf-dist/tex/generic/pgf/frontendlayer/tikz/librarie
s/tikzlibrarytopaths.code.tex
File: tikzlibrarytopaths.code.tex 2021/05/15 v3.1.9a (3.1.9a)
)))
(/usr/local/texlive/2022/texmf-dist/tex/generic/pgf/frontendlayer/tikz/librarie
s/tikzlibrarycalc.code.tex
File: tikzlibrarycalc.code.tex 2021/05/15 v3.1.9a (3.1.9a)
)
(/usr/local/texlive/2022/texmf-dist/tex/generic/pgf/libraries/pgflibraryarrows.
meta.code.tex
File: pgflibraryarrows.meta.code.tex 2021/05/15 v3.1.9a (3.1.9a)
\pgfarrowinset=\dimen269
\pgfarrowlength=\dimen270
\pgfarrowwidth=\dimen271
\pgfarrowlinewidth=\dimen272
)
(/usr/local/texlive/2022/texmf-dist/tex/generic/pgf/frontendlayer/tikz/librarie
s/tikzlibrarybending.code.tex
File: tikzlibrarybending.code.tex 2021/05/15 v3.1.9a (3.1.9a)

(/usr/local/texlive/2022/texmf-dist/tex/generic/pgf/modules/pgfmodulebending.co
de.tex
File: pgfmodulebending.code.tex 2021/05/15 v3.1.9a (3.1.9a)

(/usr/local/texlive/2022/texmf-dist/tex/generic/pgf/modules/pgfmodulenonlineart
ransformations.code.tex
File: pgfmodulenonlineartransformations.code.tex 2021/05/15 v3.1.9a (3.1.9a)
\pgftransformnonlinearflatness=\dimen273
)
(/usr/local/texlive/2022/texmf-dist/tex/generic/pgf/libraries/pgflibrarycurvili
near.code.tex
File: pgflibrarycurvilinear.code.tex 2021/05/15 v3.1.9a (3.1.9a)
\pgf@curvilinear@time@a=\dimen274
\pgf@curvilinear@length@a=\dimen275
\pgf@curvilinear@length@b=\dimen276
\pgf@curvilinear@length@c=\dimen277
\pgf@curvilinear@length@d=\dimen278
)
\pgf@arrows@the@rigidity=\dimen279
))
(/usr/local/texlive/2022/texmf-dist/tex/generic/pgf/frontendlayer/tikz/librarie
s/tikzlibraryfpu.code.tex
(/usr/local/texlive/2022/texmf-dist/tex/generic/pgf/libraries/pgflibraryfpu.cod
e.tex))
(/usr/local/texlive/2022/texmf-dist/tex/generic/circuitikz/pgfcirc.defines.tex
\pgf@circ@count@a=\count306
\pgf@circ@count@b=\count307
\pgf@circ@count@c=\count308
\pgf@circ@res@up=\dimen280
\pgf@circ@res@down=\dimen281
\pgf@circ@res@zero=\dimen282
\pgf@circ@res@left=\dimen283
\pgf@circ@res@right=\dimen284
\pgf@circ@res@other=\dimen285
\pgf@circ@res@step=\dimen286
\pgf@circ@res@temp=\dimen287
\pgf@circ@Rlen=\dimen288
\pgf@circ@scaled@Rlen=\dimen289
\pgfstartlinewidth=\dimen290
) (/usr/local/texlive/2022/texmf-dist/tex/generic/circuitikz/pgfcircutils.tex
\ctikz@scratchbox=\box66
)
(/usr/local/texlive/2022/texmf-dist/tex/generic/circuitikz/pgfcircpath.tex)
(/usr/local/texlive/2022/texmf-dist/tex/generic/circuitikz/pgfcircshapes.tex)
(/usr/local/texlive/2022/texmf-dist/tex/generic/circuitikz/pgfcircmonopoles.tex
) (/usr/local/texlive/2022/texmf-dist/tex/generic/circuitikz/pgfcircbipoles.tex
)
(/usr/local/texlive/2022/texmf-dist/tex/generic/circuitikz/pgfcirctripoles.tex
\pgf@circ@res@count=\count309
)
(/usr/local/texlive/2022/texmf-dist/tex/generic/circuitikz/pgfcircquadpoles.tex
)
(/usr/local/texlive/2022/texmf-dist/tex/generic/circuitikz/pgfcircmultipoles.te
x) (/usr/local/texlive/2022/texmf-dist/tex/generic/circuitikz/pgfcirclabel.tex)
(/usr/local/texlive/2022/texmf-dist/tex/generic/circuitikz/pgfcircvoltage.tex
\pgfcirc@labelshift=\dimen291
)
(/usr/local/texlive/2022/texmf-dist/tex/generic/circuitikz/pgfcirccurrent.tex)
(/usr/local/texlive/2022/texmf-dist/tex/generic/circuitikz/pgfcircflow.tex))
\c@plot=\count310
\c@pencil=\count311

(/usr/local/texlive/2022/texmf-dist/tex/latex/l3backend/l3backend-pdftex.def
File: l3backend-pdftex.def 2022-02-07 L3 backend support: PDF output (pdfTeX)
\l__color_backend_stack_int=\count312
\l__pdf_internal_box=\box67
)
(./document.aux)
\openout1 = `document.aux'.

LaTeX Font Info:    Checking defaults for OML/cmm/m/it on input line 60.
LaTeX Font Info:    ... okay on input line 60.
LaTeX Font Info:    Checking defaults for OMS/cmsy/m/n on input line 60.
LaTeX Font Info:    ... okay on input line 60.
LaTeX Font Info:    Checking defaults for OT1/cmr/m/n on input line 60.
LaTeX Font Info:    ... okay on input line 60.
LaTeX Font Info:    Checking defaults for T1/cmr/m/n on input line 60.
LaTeX Font Info:    ... okay on input line 60.
LaTeX Font Info:    Checking defaults for TS1/cmr/m/n on input line 60.
LaTeX Font Info:    ... okay on input line 60.
LaTeX Font Info:    Checking defaults for OMX/cmex/m/n on input line 60.
LaTeX Font Info:    ... okay on input line 60.
LaTeX Font Info:    Checking defaults for U/cmr/m/n on input line 60.
LaTeX Font Info:    ... okay on input line 60.

*geometry* detected driver: dvips
*geometry* verbose mode - [ preamble ] result:
* driver: dvips
* paper: letterpaper
* layout: <same size as paper>
* layoutoffset:(h,v)=(0.0pt,0.0pt)
* modes: 
* h-part:(L,W,R)=(54.2025pt, 505.89pt, 54.2025pt)
* v-part:(T,H,B)=(54.2025pt, 686.56499pt, 54.2025pt)
* \paperwidth=614.295pt
* \paperheight=794.96999pt
* \textwidth=505.89pt
* \textheight=686.56499pt
* \oddsidemargin=-18.06749pt
* \evensidemargin=-18.06749pt
* \topmargin=-49.94128pt
* \headheight=12.0pt
* \headsep=19.8738pt
* \topskip=12.0pt
* \footskip=30.0pt
* \marginparwidth=47.0pt
* \marginparsep=7.0pt
* \columnsep=10.0pt
* \skip\footins=10.8pt plus 4.0pt minus 2.0pt
* \hoffset=0.0pt
* \voffset=0.0pt
* \mag=1000
* \@twocolumnfalse
* \@twosidefalse
* \@mparswitchfalse
* \@reversemarginfalse
* (1in=72.27pt=25.4mm, 1cm=28.453pt)

(/usr/local/texlive/2022/texmf-dist/tex/context/base/mkii/supp-pdf.mkii
[Loading MPS to PDF converter (version 2006.09.02).]
\scratchcounter=\count313
\scratchdimen=\dimen292
\scratchbox=\box68
\nofMPsegments=\count314
\nofMParguments=\count315
\everyMPshowfont=\toks43
\MPscratchCnt=\count316
\MPscratchDim=\dimen293
\MPnumerator=\count317
\makeMPintoPDFobject=\count318
\everyMPtoPDFconversion=\toks44
) (/usr/local/texlive/2022/texmf-dist/tex/latex/epstopdf-pkg/epstopdf-base.sty
Package: epstopdf-base 2020-01-24 v2.11 Base part for package epstopdf

(/usr/local/texlive/2022/texmf-dist/tex/generic/infwarerr/infwarerr.sty
Package: infwarerr 2019/12/03 v1.5 Providing info/warning/error messages (HO)
)
(/usr/local/texlive/2022/texmf-dist/tex/latex/grfext/grfext.sty
Package: grfext 2019/12/03 v1.3 Manage graphics extensions (HO)

(/usr/local/texlive/2022/texmf-dist/tex/generic/kvdefinekeys/kvdefinekeys.sty
Package: kvdefinekeys 2019-12-19 v1.6 Define keys (HO)
)) (/usr/local/texlive/2022/texmf-dist/tex/latex/kvoptions/kvoptions.sty
Package: kvoptions 2020-10-07 v3.14 Key value format for package options (HO)

(/usr/local/texlive/2022/texmf-dist/tex/generic/ltxcmds/ltxcmds.sty
Package: ltxcmds 2020-05-10 v1.25 LaTeX kernel commands for general use (HO)
)
(/usr/local/texlive/2022/texmf-dist/tex/generic/kvsetkeys/kvsetkeys.sty
Package: kvsetkeys 2019/12/15 v1.18 Key value parser (HO)
))
(/usr/local/texlive/2022/texmf-dist/tex/generic/pdftexcmds/pdftexcmds.sty
Package: pdftexcmds 2020-06-27 v0.33 Utility functions of pdfTeX for LuaTeX (HO
)
Package pdftexcmds Info: \pdf@primitive is available.
Package pdftexcmds Info: \pdf@ifprimitive is available.
Package pdftexcmds Info: \pdfdraftmode found.
)
Package epstopdf-base Info: Redefining graphics rule for `.eps' on input line 4
85.
Package grfext Info: Graphics extension search list:
(grfext)             [.pdf,.png,.jpg,.mps,.jpeg,.jbig2,.jb2,.PDF,.PNG,.JPG,.JPE
G,.JBIG2,.JB2,.eps]
(grfext)             \AppendGraphicsExtensions on input line 504.

(/usr/local/texlive/2022/texmf-dist/tex/latex/latexconfig/epstopdf-sys.cfg
File: epstopdf-sys.cfg 2010/07/13 v1.3 Configuration of (r)epstopdf for TeX Liv
e
))
\c@lstlisting=\count319

[1
Non-PDF special ignored!
<special> papersize=614.295pt,794.96999pt


{/usr/local/texlive/2022/texmf-var/fonts/map/pdftex/updmap/pdftex.map}]
(./document.toc [1

] [2])
\tf@toc=\write4
\openout4 = `document.toc'.

 (./lab_install.tex [3]
Chapter 1.
[4

] [5]
Overfull \hbox (8.75911pt too wide) in paragraph at lines 156--157
[][][][][][][][][][][][][][][][][][][][][][][][] 
 []

<figs/install/jupyter_startup.png, id=31, 754.82pt x 489.83pt>
File: figs/install/jupyter_startup.png Graphic file (type png)
<use figs/install/jupyter_startup.png>
Package pdftex.def Info: figs/install/jupyter_startup.png  used on input line 1
70.
(pdftex.def)             Requested size: 328.82541pt x 213.38824pt.
<figs/install/jupyter_window.png, id=33, 935.495pt x 969.6225pt>
File: figs/install/jupyter_window.png Graphic file (type png)
<use figs/install/jupyter_window.png>
Package pdftex.def Info: figs/install/jupyter_window.png  used on input line 17
8.
(pdftex.def)             Requested size: 328.82541pt x 340.82289pt.
<figs/install/jupyter_saved.png, id=34, 754.82pt x 517.935pt>
File: figs/install/jupyter_saved.png Graphic file (type png)
<use figs/install/jupyter_saved.png>
Package pdftex.def Info: figs/install/jupyter_saved.png  used on input line 186
.
(pdftex.def)             Requested size: 328.82541pt x 225.63182pt.
[6] [7 <./figs/install/jupyter_startup.png> <./figs/install/jupyter_window.png>
]
Underfull \hbox (badness 10000) in paragraph at lines 220--221

 []


Underfull \hbox (badness 10000) in paragraph at lines 222--223

 []

[8 <./figs/install/jupyter_saved.png>]) (./lab_numbers.tex [9]
Chapter 2.

Underfull \hbox (badness 10000) in paragraph at lines 15--17

 []

(/usr/local/texlive/2022/texmf-dist/tex/latex/listings/lstlang1.sty
File: lstlang1.sty 2020/03/24 1.8d listings language file
)
LaTeX Font Info:    Font shape `OT1/cmtt/bx/n' in size <10> not available
(Font)              Font shape `OT1/cmtt/m/n' tried instead on input line 21.

Underfull \hbox (badness 10000) in paragraph at lines 24--27

 []


Underfull \hbox (badness 10000) in paragraph at lines 28--37

 []

[10

]
Underfull \hbox (badness 10000) in paragraph at lines 58--61

 []


Underfull \hbox (badness 10000) in paragraph at lines 62--66

 []

[11]
Underfull \hbox (badness 10000) in paragraph at lines 147--152

 []


Underfull \hbox (badness 10000) in paragraph at lines 158--159

 []


Underfull \hbox (badness 10000) in paragraph at lines 160--161

 []


Underfull \hbox (badness 10000) in paragraph at lines 162--168

 []

[12]
Underfull \hbox (badness 10000) in paragraph at lines 191--193

 []


Underfull \hbox (badness 10000) in paragraph at lines 213--221

 []

[13]
Underfull \hbox (badness 10000) in paragraph at lines 249--252

 []


Underfull \hbox (badness 10000) in paragraph at lines 268--276

 []


Underfull \hbox (badness 10000) in paragraph at lines 284--286

 []


Underfull \hbox (badness 10000) in paragraph at lines 303--304

 []

[14]
Underfull \hbox (badness 10000) in paragraph at lines 346--360

 []


Underfull \hbox (badness 10000) in paragraph at lines 361--364

 []

[15]
Underfull \hbox (badness 10000) in paragraph at lines 395--401

 []


Underfull \hbox (badness 10000) in paragraph at lines 408--411

 []

) (./lab_series.tex [16]
Chapter 3.
[17

]
Underfull \hbox (badness 10000) in paragraph at lines 65--67

 []


Underfull \hbox (badness 10000) in paragraph at lines 68--71

 []


Underfull \hbox (badness 10000) in paragraph at lines 91--101

 []

[18]
Underfull \hbox (badness 10000) in paragraph at lines 116--118

 []


Underfull \hbox (badness 10000) in paragraph at lines 119--121

 []


Underfull \hbox (badness 10000) in paragraph at lines 122--124

 []


Underfull \hbox (badness 10000) in paragraph at lines 125--126

 []


Underfull \hbox (badness 10000) in paragraph at lines 129--135

 []


Underfull \hbox (badness 10000) in paragraph at lines 136--139

 []


Underfull \hbox (badness 10000) in paragraph at lines 140--142

 []

[19]
Underfull \hbox (badness 10000) in paragraph at lines 174--175

 []


Underfull \hbox (badness 10000) in paragraph at lines 206--209

 []

[20]) (./lab_prime.tex [21]
Chapter 4.

Underfull \hbox (badness 10000) in paragraph at lines 38--39

 []

[22

]
Underfull \hbox (badness 10000) in paragraph at lines 47--50

 []

LaTeX Font Info:    Trying to load font information for OML+cmr on input line 8
7.
(/usr/local/texlive/2022/texmf-dist/tex/latex/base/omlcmr.fd
File: omlcmr.fd 2019/12/16 v2.5j Standard LaTeX font definitions
)
LaTeX Font Info:    Font shape `OML/cmr/m/n' in size <8> not available
(Font)              Font shape `OML/cmm/m/it' tried instead on input line 87.

Underfull \hbox (badness 10000) in paragraph at lines 109--110

 []


Underfull \hbox (badness 10000) in paragraph at lines 112--113

 []

[23]
Underfull \hbox (badness 10000) in paragraph at lines 115--121

 []


Underfull \hbox (badness 10000) in paragraph at lines 139--140

 []


Underfull \hbox (badness 10000) in paragraph at lines 141--143

 []


Underfull \hbox (badness 10000) in paragraph at lines 144--149

 []


Underfull \hbox (badness 10000) in paragraph at lines 150--153

 []


Underfull \hbox (badness 10000) in paragraph at lines 154--160

 []

[24]
Underfull \hbox (badness 10000) in paragraph at lines 194--196

 []


Underfull \hbox (badness 10000) in paragraph at lines 197--197

 []

) (./lab_plotting.tex [25]
Chapter 5.
[26

]
Underfull \hbox (badness 10000) in paragraph at lines 65--69

 []


Underfull \hbox (badness 10000) in paragraph at lines 88--89

 []


Underfull \hbox (badness 10000) in paragraph at lines 90--91

 []


Underfull \hbox (badness 10000) in paragraph at lines 104--106

 []

[27]
Underfull \hbox (badness 10000) in paragraph at lines 162--171

 []

[28]
Underfull \hbox (badness 10000) in paragraph at lines 179--180

 []


Underfull \hbox (badness 10000) in paragraph at lines 181--182

 []


Overfull \hbox (1.24329pt too wide) in paragraph at lines 184--186
$\OMS/cmsy/m/n/12 4$ \OT1/cmr/bx/n/12 Jupyter Note-book Ex-er-cise 5.7: \OT1/cm
r/m/n/12 Im-ple-ment a func-tion [][][][][][][][][][][][][][][][][][][][][][][]
[][][][][] which,
 []


Underfull \hbox (badness 10000) in paragraph at lines 184--186

 []


Underfull \hbox (badness 10000) in paragraph at lines 200--210

 []


Underfull \hbox (badness 10000) in paragraph at lines 211--215

 []


Underfull \hbox (badness 10000) in paragraph at lines 216--220

 []

<figs/plotting/converge.pdf, id=121, 433.62pt x 289.08pt>
File: figs/plotting/converge.pdf Graphic file (type pdf)
<use figs/plotting/converge.pdf>
Package pdftex.def Info: figs/plotting/converge.pdf  used on input line 223.
(pdftex.def)             Requested size: 328.82541pt x 219.22668pt.

Underfull \hbox (badness 10000) in paragraph at lines 229--237

 []

[29]
Underfull \hbox (badness 10000) in paragraph at lines 238--242

 []


Underfull \hbox (badness 10000) in paragraph at lines 243--245

 []


Underfull \hbox (badness 10000) in paragraph at lines 246--247

 []


Underfull \hbox (badness 10000) in paragraph at lines 248--250

 []

<figs/plotting/logmap.png, id=125, 433.62pt x 289.08pt>
File: figs/plotting/logmap.png Graphic file (type png)
<use figs/plotting/logmap.png>
Package pdftex.def Info: figs/plotting/logmap.png  used on input line 253.
(pdftex.def)             Requested size: 328.82541pt x 219.22668pt.
[30 <./figs/plotting/converge.pdf>]
Underfull \hbox (badness 10000) in paragraph at lines 279--285

 []


Underfull \hbox (badness 10000) in paragraph at lines 286--290

 []


Underfull \hbox (badness 10000) in paragraph at lines 291--295

 []


Underfull \hbox (badness 10000) in paragraph at lines 296--297

 []


Underfull \hbox (badness 10000) in paragraph at lines 298--299

 []

) (./lab_projectiles.tex [31 <./figs/plotting/logmap.png>]
Chapter 6.
[32

]
Underfull \hbox (badness 10000) in paragraph at lines 72--78

 []


Underfull \hbox (badness 10000) in paragraph at lines 98--99

 []

[33]
Underfull \hbox (badness 10000) in paragraph at lines 111--112

 []


Underfull \hbox (badness 10000) in paragraph at lines 128--131

 []


Underfull \hbox (badness 10000) in paragraph at lines 132--133

 []


Underfull \hbox (badness 10000) in paragraph at lines 134--139

 []

[34]
Underfull \hbox (badness 10000) in paragraph at lines 197--198

 []


Underfull \hbox (badness 10000) in paragraph at lines 199--200

 []


Underfull \hbox (badness 10000) in paragraph at lines 201--202

 []


Underfull \hbox (badness 10000) in paragraph at lines 211--212

 []

[35]
Underfull \hbox (badness 10000) in paragraph at lines 219--221

 []


Underfull \hbox (badness 10000) in paragraph at lines 222--225

 []


Underfull \hbox (badness 10000) in paragraph at lines 226--230

 []

) (./lab_pendulum.tex [36]
Chapter 7.
[37

]
Underfull \hbox (badness 10000) in paragraph at lines 49--50

 []


Underfull \hbox (badness 10000) in paragraph at lines 51--52

 []


Underfull \hbox (badness 10000) in paragraph at lines 87--91

 []

<figs/pendulum/sho.pdf, id=187, 433.62pt x 289.08pt>
File: figs/pendulum/sho.pdf Graphic file (type pdf)
<use figs/pendulum/sho.pdf>
Package pdftex.def Info: figs/pendulum/sho.pdf  used on input line 96.
(pdftex.def)             Requested size: 339.8499pt x 226.56769pt.
[38]
Underfull \hbox (badness 10000) in paragraph at lines 130--132

 []


Underfull \hbox (badness 10000) in paragraph at lines 133--137

 []

[39 <./figs/pendulum/sho.pdf>]
LaTeX Font Info:    Trying to load font information for TS1+cmtt on input line 
150.

(/usr/local/texlive/2022/texmf-dist/tex/latex/base/ts1cmtt.fd
File: ts1cmtt.fd 2019/12/16 v2.5j Standard LaTeX font definitions
)
Underfull \hbox (badness 10000) in paragraph at lines 159--161

 []


Underfull \hbox (badness 10000) in paragraph at lines 185--186

 []

[40]
Underfull \hbox (badness 10000) in paragraph at lines 207--210

 []


Underfull \hbox (badness 10000) in paragraph at lines 211--212

 []


Underfull \hbox (badness 10000) in paragraph at lines 218--221

 []


Underfull \hbox (badness 10000) in paragraph at lines 246--247

 []

[41]
Underfull \hbox (badness 10000) in paragraph at lines 258--259

 []


Underfull \hbox (badness 10000) in paragraph at lines 260--261

 []


Underfull \hbox (badness 10000) in paragraph at lines 263--268

 []


Underfull \hbox (badness 10000) in paragraph at lines 278--281

 []


Underfull \hbox (badness 10000) in paragraph at lines 282--285

 []

) (./lab_roots.tex [42]
Chapter 8.

Underfull \hbox (badness 10000) in paragraph at lines 17--18

 []

[43

] [44]
Underfull \hbox (badness 10000) in paragraph at lines 118--119

 []


Underfull \hbox (badness 10000) in paragraph at lines 144--148

 []


Underfull \hbox (badness 10000) in paragraph at lines 149--150

 []


Underfull \hbox (badness 10000) in paragraph at lines 151--152

 []


Underfull \hbox (badness 10000) in paragraph at lines 154--155

 []

[45]
<figs/roots/transcendental.pdf, id=238, 433.62pt x 289.08pt>
File: figs/roots/transcendental.pdf Graphic file (type pdf)
<use figs/roots/transcendental.pdf>
Package pdftex.def Info: figs/roots/transcendental.pdf  used on input line 193.

(pdftex.def)             Requested size: 328.82541pt x 219.22668pt.

Underfull \hbox (badness 10000) in paragraph at lines 199--210

 []

[46 <./figs/roots/transcendental.pdf>]
Underfull \hbox (badness 10000) in paragraph at lines 211--221

 []


Underfull \hbox (badness 10000) in paragraph at lines 234--235

 []


Underfull \hbox (badness 10000) in paragraph at lines 246--247

 []


Underfull \hbox (badness 10000) in paragraph at lines 248--249

 []


Underfull \hbox (badness 10000) in paragraph at lines 250--253

 []


Underfull \hbox (badness 10000) in paragraph at lines 261--262

 []

[47]
Underfull \hbox (badness 10000) in paragraph at lines 266--268

 []

[48]
Underfull \hbox (badness 10000) in paragraph at lines 324--329

 []

[49] [50]
Underfull \hbox (badness 10000) in paragraph at lines 470--472

 []

) (./lab_montecarlo.tex [51]
Chapter 9.

Underfull \hbox (badness 10000) in paragraph at lines 17--21

 []

[52

]
Underfull \hbox (badness 10000) in paragraph at lines 46--49

 []


Underfull \hbox (badness 10000) in paragraph at lines 65--67

 []


Underfull \hbox (badness 10000) in paragraph at lines 94--101

 []

[53]
Underfull \hbox (badness 10000) in paragraph at lines 108--111

 []


Underfull \hbox (badness 10000) in paragraph at lines 119--120

 []

<figs/hist/flatpdf.pdf, id=296, 433.62pt x 289.08pt>
File: figs/hist/flatpdf.pdf Graphic file (type pdf)
<use figs/hist/flatpdf.pdf>
Package pdftex.def Info: figs/hist/flatpdf.pdf  used on input line 132.
(pdftex.def)             Requested size: 227.64894pt x 151.76926pt.
[54 <./figs/hist/flatpdf.pdf>]
Underfull \hbox (badness 10000) in paragraph at lines 174--175

 []


Underfull \hbox (badness 10000) in paragraph at lines 187--191

 []

<figs/hist/throwflat.pdf, id=324, 433.62pt x 289.08pt>
File: figs/hist/throwflat.pdf Graphic file (type pdf)
<use figs/hist/throwflat.pdf>
Package pdftex.def Info: figs/hist/throwflat.pdf  used on input line 220.
(pdftex.def)             Requested size: 227.64894pt x 151.76926pt.
<figs/hist/flathist.pdf, id=325, 433.62pt x 289.08pt>
File: figs/hist/flathist.pdf Graphic file (type pdf)
<use figs/hist/flathist.pdf>
Package pdftex.def Info: figs/hist/flathist.pdf  used on input line 221.
(pdftex.def)             Requested size: 227.64894pt x 151.76926pt.
[55]
Underfull \hbox (badness 10000) in paragraph at lines 235--236

 []


Underfull \hbox (badness 10000) in paragraph at lines 259--260

 []

[56 <./figs/hist/throwflat.pdf> <./figs/hist/flathist.pdf

pdfTeX warning: /Library/TeX/texbin/pdflatex (file ./figs/hist/flathist.pdf): P
DF inclusion: multiple pdfs with page group included in a single page
>]
Underfull \hbox (badness 10000) in paragraph at lines 282--285

 []


Underfull \hbox (badness 10000) in paragraph at lines 286--289

 []


Underfull \hbox (badness 10000) in paragraph at lines 319--321

 []

<figs/hist/histpdf.pdf, id=381, 433.62pt x 289.08pt>
File: figs/hist/histpdf.pdf Graphic file (type pdf)
<use figs/hist/histpdf.pdf>
Package pdftex.def Info: figs/hist/histpdf.pdf  used on input line 324.
(pdftex.def)             Requested size: 227.64894pt x 151.76926pt.

Underfull \hbox (badness 10000) in paragraph at lines 329--330

 []

[57]
<figs/monte_carlo/pitoss.jpg, id=385, 963.6pt x 919.435pt>
File: figs/monte_carlo/pitoss.jpg Graphic file (type jpg)
<use figs/monte_carlo/pitoss.jpg>
Package pdftex.def Info: figs/monte_carlo/pitoss.jpg  used on input line 336.
(pdftex.def)             Requested size: 328.82541pt x 313.75418pt.
<figs/ideal_gas/pimc.pdf, id=386, 433.62pt x 289.08pt>
File: figs/ideal_gas/pimc.pdf Graphic file (type pdf)
<use figs/ideal_gas/pimc.pdf>
Package pdftex.def Info: figs/ideal_gas/pimc.pdf  used on input line 358.
(pdftex.def)             Requested size: 455.2979pt x 303.54736pt.
 [58 <./figs/hist/histpdf.pdf>] [59 <./figs/monte_carlo/pitoss.jpg>]
[60 <./figs/ideal_gas/pimc.pdf>]
Underfull \hbox (badness 10000) in paragraph at lines 389--394

 []


Underfull \hbox (badness 10000) in paragraph at lines 399--400

 []


Underfull \hbox (badness 10000) in paragraph at lines 405--409

 []

[61]) (./lab_ideal_gas.tex [62]
Chapter 10.
<figs/ideal_gas/mbspeed.pdf, id=466, 433.62pt x 289.08pt>
File: figs/ideal_gas/mbspeed.pdf Graphic file (type pdf)
<use figs/ideal_gas/mbspeed.pdf>
Package pdftex.def Info: figs/ideal_gas/mbspeed.pdf  used on input line 18.
(pdftex.def)             Requested size: 328.82541pt x 219.22668pt.
[63

 <./figs/ideal_gas/mbspeed.pdf>] [64]
Underfull \hbox (badness 10000) in paragraph at lines 137--148

 []

[65]
Underfull \hbox (badness 10000) in paragraph at lines 161--162

 []


Underfull \hbox (badness 10000) in paragraph at lines 163--167

 []

[66] [67] [68] [69]
Underfull \hbox (badness 10000) in paragraph at lines 319--323

 []


Underfull \hbox (badness 10000) in paragraph at lines 358--369

 []


Underfull \hbox (badness 10000) in paragraph at lines 370--374

 []


Underfull \hbox (badness 10000) in paragraph at lines 375--377

 []

[70]
Underfull \hbox (badness 10000) in paragraph at lines 384--384

 []


Underfull \hbox (badness 10000) in paragraph at lines 386--387

 []


Underfull \hbox (badness 10000) in paragraph at lines 402--404

 []


Underfull \hbox (badness 10000) in paragraph at lines 425--427

 []


Underfull \hbox (badness 10000) in paragraph at lines 436--438

 []

<figs/maxwellboltzman/mbinstv.pdf, id=521, 433.62pt x 289.08pt>
File: figs/maxwellboltzman/mbinstv.pdf Graphic file (type pdf)
<use figs/maxwellboltzman/mbinstv.pdf>
Package pdftex.def Info: figs/maxwellboltzman/mbinstv.pdf  used on input line 4
42.
(pdftex.def)             Requested size: 227.64894pt x 151.76926pt.
<figs/maxwellboltzman/mbinstvxvy.pdf, id=522, 433.62pt x 289.08pt>
File: figs/maxwellboltzman/mbinstvxvy.pdf Graphic file (type pdf)
<use figs/maxwellboltzman/mbinstvxvy.pdf>
Package pdftex.def Info: figs/maxwellboltzman/mbinstvxvy.pdf  used on input lin
e 443.
(pdftex.def)             Requested size: 227.64894pt x 151.76926pt.
[71]
Underfull \hbox (badness 10000) in paragraph at lines 451--457

 []


Underfull \hbox (badness 10000) in paragraph at lines 458--463

 []


Underfull \hbox (badness 10000) in paragraph at lines 470--475

 []

[72 <./figs/maxwellboltzman/mbinstv.pdf> <./figs/maxwellboltzman/mbinstvxvy.pdf


pdfTeX warning: /Library/TeX/texbin/pdflatex (file ./figs/maxwellboltzman/mbins
tvxvy.pdf): PDF inclusion: multiple pdfs with page group included in a single p
age
>]
Underfull \hbox (badness 10000) in paragraph at lines 514--518

 []


Underfull \hbox (badness 10000) in paragraph at lines 519--522

 []


Underfull \hbox (badness 10000) in paragraph at lines 523--526

 []


Underfull \hbox (badness 10000) in paragraph at lines 527--530

 []

)
Underfull \hbox (badness 10000) in paragraph at lines 531--89

 []

(./lab_planets.tex [73]
Chapter 11.
[74

]) [75] (./document.aux) ) 
Here is how much of TeX's memory you used:
 31525 strings out of 478268
 762711 string characters out of 5846346
 1681171 words of memory out of 5000000
 49318 multiletter control sequences out of 15000+600000
 479731 words of font info for 65 fonts, out of 8000000 for 9000
 1141 hyphenation exceptions out of 8191
 99i,12n,94p,548b,1857s stack positions out of 10000i,1000n,20000p,200000b,200000s
{/usr/local/texlive/2022/texmf-dist/fonts/enc/dvips/c
m-super/cm-super-ts1.enc}</usr/local/texlive/2022/texmf-dist/fonts/type1/public
/amsfonts/cm/cmbx12.pfb></usr/local/texlive/2022/texmf-dist/fonts/type1/public/
amsfonts/cm/cmbxti10.pfb></usr/local/texlive/2022/texmf-dist/fonts/type1/public
/amsfonts/cm/cmex10.pfb></usr/local/texlive/2022/texmf-dist/fonts/type1/public/
amsfonts/cm/cmmi12.pfb></usr/local/texlive/2022/texmf-dist/fonts/type1/public/a
msfonts/cm/cmmi6.pfb></usr/local/texlive/2022/texmf-dist/fonts/type1/public/ams
fonts/cm/cmmi8.pfb></usr/local/texlive/2022/texmf-dist/fonts/type1/public/amsfo
nts/cm/cmr12.pfb></usr/local/texlive/2022/texmf-dist/fonts/type1/public/amsfont
s/cm/cmr17.pfb></usr/local/texlive/2022/texmf-dist/fonts/type1/public/amsfonts/
cm/cmr6.pfb></usr/local/texlive/2022/texmf-dist/fonts/type1/public/amsfonts/cm/
cmr8.pfb></usr/local/texlive/2022/texmf-dist/fonts/type1/public/amsfonts/cm/cms
l12.pfb></usr/local/texlive/2022/texmf-dist/fonts/type1/public/amsfonts/cm/cmsl
tt10.pfb></usr/local/texlive/2022/texmf-dist/fonts/type1/public/amsfonts/cm/cms
y10.pfb></usr/local/texlive/2022/texmf-dist/fonts/type1/public/amsfonts/cm/cmsy
6.pfb></usr/local/texlive/2022/texmf-dist/fonts/type1/public/amsfonts/cm/cmsy8.
pfb></usr/local/texlive/2022/texmf-dist/fonts/type1/public/amsfonts/cm/cmti12.p
fb></usr/local/texlive/2022/texmf-dist/fonts/type1/public/amsfonts/cm/cmtt10.pf
b></usr/local/texlive/2022/texmf-dist/fonts/type1/public/amsfonts/cm/cmtt12.pfb
></usr/local/texlive/2022/texmf-dist/fonts/type1/public/cm-super/sfrm1200.pfb><
/usr/local/texlive/2022/texmf-dist/fonts/type1/public/cm-super/sftt1000.pfb>
Output written on document.pdf (76 pages, 1167391 bytes).
PDF statistics:
 714 PDF objects out of 1000 (max. 8388607)
 327 compressed objects within 4 object streams
 0 named destinations out of 1000 (max. 500000)
 93 words of extra memory for PDF output out of 10000 (max. 10000000)

